[debug] [2021-07-04T02:21:58.463Z] ----------------------------------------------------------------------
[debug] [2021-07-04T02:21:58.464Z] Command:       /home/snake/.nodebrew/node/v16.4.1/bin/node /home/snake/.nodebrew/current/bin/firebase emulators:start
[debug] [2021-07-04T02:21:58.464Z] CLI Version:   9.14.0
[debug] [2021-07-04T02:21:58.465Z] Platform:      linux
[debug] [2021-07-04T02:21:58.465Z] Node Version:  v16.4.1
[debug] [2021-07-04T02:21:58.465Z] Time:          Sun Jul 04 2021 11:21:58 GMT+0900 (Japan Standard Time)
[debug] [2021-07-04T02:21:58.465Z] ----------------------------------------------------------------------
[debug] 
[debug] [2021-07-04T02:21:58.470Z] > command requires scopes: ["email","openid","https://www.googleapis.com/auth/cloudplatformprojects.readonly","https://www.googleapis.com/auth/firebase","https://www.googleapis.com/auth/cloud-platform"]
[debug] [2021-07-04T02:21:58.470Z] > authorizing via signed-in user (mosu72@gmail.com)
[info] i  emulators: Starting emulators: hosting {"metadata":{"emulator":{"name":"hub"},"message":"Starting emulators: hosting"}}
[debug] [2021-07-04T02:21:58.486Z] [hub] writing locator at /tmp/hub-draw-talk.json
[debug] [2021-07-04T02:21:58.507Z] > refreshing access token with scopes: []
[debug] [2021-07-04T02:21:58.508Z] >>> HTTP REQUEST POST https://www.googleapis.com/oauth2/v3/token  
 <request body omitted>
[debug] [2021-07-04T02:21:58.691Z] <<< HTTP RESPONSE 200 {"expires":"Mon, 01 Jan 1990 00:00:00 GMT","date":"Sun, 04 Jul 2021 02:21:30 GMT","cache-control":"no-cache, no-store, max-age=0, must-revalidate","pragma":"no-cache","content-type":"application/json; charset=utf-8","vary":"X-Origin, Referer, Origin,Accept-Encoding","server":"scaffolding on HTTPServer2","x-xss-protection":"0","x-frame-options":"SAMEORIGIN","x-content-type-options":"nosniff","alt-svc":"h3=\":443\"; ma=2592000,h3-29=\":443\"; ma=2592000,h3-T051=\":443\"; ma=2592000,h3-Q050=\":443\"; ma=2592000,h3-Q046=\":443\"; ma=2592000,h3-Q043=\":443\"; ma=2592000,quic=\":443\"; ma=2592000; v=\"46,43\"","accept-ranges":"none","transfer-encoding":"chunked"}
[debug] [2021-07-04T02:21:58.708Z] >>> [apiv2][query] GET https://firebasehosting.googleapis.com/v1beta1/projects/draw-talk/sites 
[debug] [2021-07-04T02:21:59.580Z] <<< [apiv2][status] GET https://firebasehosting.googleapis.com/v1beta1/projects/draw-talk/sites 200
[debug] [2021-07-04T02:21:59.580Z] <<< [apiv2][body] GET https://firebasehosting.googleapis.com/v1beta1/projects/draw-talk/sites {"sites":[{"name":"projects/920241367747/sites/draw-talk","defaultUrl":"https://draw-talk.web.app","type":"DEFAULT_SITE"}]}
[debug] [2021-07-04T02:21:59.581Z] >>> [apiv2][query] GET https://firebase.googleapis.com/v1beta1/projects/draw-talk/webApps/-/config [none]
[debug] [2021-07-04T02:22:01.094Z] <<< [apiv2][status] GET https://firebase.googleapis.com/v1beta1/projects/draw-talk/webApps/-/config 200
[debug] [2021-07-04T02:22:01.094Z] <<< [apiv2][body] GET https://firebase.googleapis.com/v1beta1/projects/draw-talk/webApps/-/config {"projectId":"draw-talk","appId":"1:920241367747:web:45f7324d9619bfa92d5076","databaseURL":"https://draw-talk.firebaseio.com","storageBucket":"draw-talk.appspot.com","locationId":"asia-east2","apiKey":"AIzaSyAwxa81wGhmDu_1KmoVUi48jIcxaNW5yHU","authDomain":"draw-talk.firebaseapp.com","messagingSenderId":"920241367747","measurementId":"G-3TEQSWT2FD"}
[info] i  hosting: Serving hosting files from: dist {"metadata":{"emulator":{"name":"hosting"},"message":"Serving hosting files from: \u001b[1mdist\u001b[22m"}}
[info] ✔  hosting: Local server: http://127.0.0.1:5000 {"metadata":{"emulator":{"name":"hosting"},"message":"Local server: \u001b[4m\u001b[1mhttp://127.0.0.1:5000\u001b[22m\u001b[24m"}}
[warn] ⚠  emulators: The Emulator UI requires a project ID to start. Configure your default project with 'firebase use' or pass the --project flag. {"metadata":{"emulator":{"name":"hub"},"message":"The Emulator UI requires a project ID to start. Configure your default project with 'firebase use' or pass the --project flag."}}
[info] 
┌─────────────────────────────────────────────────────────────┐
│ ✔  All emulators ready! It is now safe to connect your app. │
└─────────────────────────────────────────────────────────────┘

┌──────────┬────────────────┐
│ Emulator │ Host:Port      │
├──────────┼────────────────┤
│ Hosting  │ 127.0.0.1:5000 │
└──────────┴────────────────┘
  Emulator Hub running at 127.0.0.1:4400
  Other reserved ports: None

Issues? Report them at https://github.com/firebase/firebase-tools/issues and attach the *-debug.log files.
 
